0 info it worked if it ends with ok
1 verbose cli [ 'd:\\Program Files\\nodejs\\node.exe',
1 verbose cli   'd:\\Program Files\\nodejs\\node_modules\\npm\\bin\\npm-cli.js',
1 verbose cli   'publish' ]
2 info using npm@1.4.28
3 info using node@v0.10.32
4 verbose publish [ '.' ]
5 verbose cache add [ '.', null ]
6 verbose cache add name=undefined spec="." args=[".",null]
7 verbose parsed url { protocol: null,
7 verbose parsed url   slashes: null,
7 verbose parsed url   auth: null,
7 verbose parsed url   host: null,
7 verbose parsed url   port: null,
7 verbose parsed url   hostname: null,
7 verbose parsed url   hash: null,
7 verbose parsed url   search: null,
7 verbose parsed url   query: null,
7 verbose parsed url   pathname: '.',
7 verbose parsed url   path: '.',
7 verbose parsed url   href: '.' }
8 silly lockFile 3a52ce78- .
9 verbose lock . C:\Users\amit\AppData\Roaming\npm-cache\3a52ce78-.lock
10 verbose tar pack [ 'C:\\Users\\amit\\AppData\\Roaming\\npm-cache\\cordova-plugin-pitch\\0.0.1\\package.tgz',
10 verbose tar pack   '.' ]
11 verbose tarball C:\Users\amit\AppData\Roaming\npm-cache\cordova-plugin-pitch\0.0.1\package.tgz
12 verbose folder .
13 info prepublish cordova-plugin-pitch@0.0.1
14 silly lockFile 1f1177db-tar tar://.
15 verbose lock tar://. C:\Users\amit\AppData\Roaming\npm-cache\1f1177db-tar.lock
16 silly lockFile 1413edb3-a-plugin-pitch-0-0-1-package-tgz tar://C:\Users\amit\AppData\Roaming\npm-cache\cordova-plugin-pitch\0.0.1\package.tgz
17 verbose lock tar://C:\Users\amit\AppData\Roaming\npm-cache\cordova-plugin-pitch\0.0.1\package.tgz C:\Users\amit\AppData\Roaming\npm-cache\1413edb3-a-plugin-pitch-0-0-1-package-tgz.lock
18 silly lockFile 1f1177db-tar tar://.
19 silly lockFile 1f1177db-tar tar://.
20 silly lockFile 1413edb3-a-plugin-pitch-0-0-1-package-tgz tar://C:\Users\amit\AppData\Roaming\npm-cache\cordova-plugin-pitch\0.0.1\package.tgz
21 silly lockFile 1413edb3-a-plugin-pitch-0-0-1-package-tgz tar://C:\Users\amit\AppData\Roaming\npm-cache\cordova-plugin-pitch\0.0.1\package.tgz
22 silly lockFile 93ea46e4-rdova-plugin-pitch-0-0-1-package C:\Users\amit\AppData\Roaming\npm-cache\cordova-plugin-pitch\0.0.1\package
23 verbose lock C:\Users\amit\AppData\Roaming\npm-cache\cordova-plugin-pitch\0.0.1\package C:\Users\amit\AppData\Roaming\npm-cache\93ea46e4-rdova-plugin-pitch-0-0-1-package.lock
24 silly lockFile 93ea46e4-rdova-plugin-pitch-0-0-1-package C:\Users\amit\AppData\Roaming\npm-cache\cordova-plugin-pitch\0.0.1\package
25 silly lockFile 93ea46e4-rdova-plugin-pitch-0-0-1-package C:\Users\amit\AppData\Roaming\npm-cache\cordova-plugin-pitch\0.0.1\package
26 silly lockFile 3a52ce78- .
27 silly lockFile 3a52ce78- .
28 silly publish { name: 'cordova-plugin-pitch',
28 silly publish   version: '0.0.1',
28 silly publish   cordova:
28 silly publish    { id: 'com.bandpad.cordova.audiofrequency',
28 silly publish      platforms: [ 'android', 'ios', 'browser' ] },
28 silly publish   description: 'Cordova P Plugin',
28 silly publish   license: 'Apache 2.0',
28 silly publish   repository:
28 silly publish    { type: 'git',
28 silly publish      url: 'https://github.com/amitgur/cordova-plugin-pitch.git' },
28 silly publish   bugs: { url: 'https://issues.apache.org/jira/browse/CB/component/12320648' },
28 silly publish   keywords:
28 silly publish    [ 'cordova',
28 silly publish      'ecosystem:cordova',
28 silly publish      'cordova-android',
28 silly publish      'cordova-browser' ],
28 silly publish   engines: [],
28 silly publish   author: { name: 'Apache Software Foundation' },
28 silly publish   gitHead: '04c1de87ba963131b104f4e80b931a4ed7866d50',
28 silly publish   readme: '# com.bandpad.cordova.audiofrequency\r\n\r\nThis plugin captures the device\'s audio input stream and analyses it to return the maximum frequency.\r\n\r\nIt adds the following `window` event:\r\n\r\n* audiofrequency\r\n\r\n## Installation\r\n\r\n```\r\ncordova plugin add com.bandoad.cordova.audiofrequency\r\n```\r\n\r\n## Supported Platforms\r\n\r\n* iOS\r\n* Android\r\n\r\n## Example\r\n\r\n```javascript\r\nwindow.addEventListener("audiofrequency", onAudiofrequency, false);\r\n\r\nfunction onAudiofrequency(e) {\r\n    console.log("Frequency: " + e.frequency + " Hz");\r\n}\r\n```\r\n',
28 silly publish   readmeFilename: 'README.md',
28 silly publish   homepage: 'https://github.com/amitgur/cordova-plugin-pitch',
28 silly publish   _id: 'cordova-plugin-pitch@0.0.1',
28 silly publish   scripts: {},
28 silly publish   _shasum: 'ab9d089aab6d1c127d0572a2743b76f908cc8fba',
28 silly publish   _from: '.' }
29 error need auth auth and email required for publishing
29 error need auth You need to authorize this machine using `npm adduser`
30 error System Windows_NT 6.2.9200
31 error command "d:\\Program Files\\nodejs\\node.exe" "d:\\Program Files\\nodejs\\node_modules\\npm\\bin\\npm-cli.js" "publish"
32 error cwd d:\bandpad\cordova-plugin-pitch
33 error node -v v0.10.32
34 error npm -v 1.4.28
35 error code ENEEDAUTH
36 verbose exit [ 1, true ]
